<?xml version="1.0" encoding="UTF-8"?>
<testng-results ignored="0" total="1" passed="1" failed="0" skipped="0">
  <reporter-output>
  </reporter-output>
  <suite started-at="2022-07-13T20:19:30 IST" name="Default suite" finished-at="2022-07-13T20:20:51 IST" duration-ms="81124">
    <groups>
    </groups>
    <test started-at="2022-07-13T20:19:30 IST" name="Default test" finished-at="2022-07-13T20:20:51 IST" duration-ms="81124">
      <class name="test_scripts.Logintest">
        <test-method is-config="true" signature="openAppl()[pri:0, instance:test_scripts.Logintest@78e4deb0]" started-at="2022-07-13T20:19:30 IST" name="openAppl" finished-at="2022-07-13T20:20:11 IST" duration-ms="41866" status="PASS">
          <reporter-output>
          </reporter-output>
        </test-method> <!-- openAppl -->
        <test-method signature="test()[pri:0, instance:test_scripts.Logintest@78e4deb0]" started-at="2022-07-13T20:20:11 IST" name="test" finished-at="2022-07-13T20:20:51 IST" duration-ms="39183" status="PASS">
          <reporter-output>
          </reporter-output>
        </test-method> <!-- test -->
        <test-method is-config="true" signature="closeAppl()[pri:0, instance:test_scripts.Logintest@78e4deb0]" started-at="2022-07-13T20:20:51 IST" name="closeAppl" finished-at="2022-07-13T20:20:51 IST" duration-ms="1" status="PASS">
          <reporter-output>
          </reporter-output>
        </test-method> <!-- closeAppl -->
      </class> <!-- test_scripts.Logintest -->
    </test> <!-- Default test -->
  </suite> <!-- Default suite -->
</testng-results>
